<?xml version="1.0" encoding="UTF-8"?>
<testng-results ignored="0" total="1" passed="1" failed="0" skipped="0">
  <reporter-output>
  </reporter-output>
  <suite started-at="2022-10-13T17:35:56 IST" name="Default suite" finished-at="2022-10-13T17:36:36 IST" duration-ms="40209">
    <groups>
    </groups>
    <test started-at="2022-10-13T17:35:56 IST" name="Default test" finished-at="2022-10-13T17:36:36 IST" duration-ms="40209">
      <class name="com.example.testng.Registration">
        <test-method signature="registration()[pri:0, instance:com.example.testng.Registration@6cd28fa7]" started-at="2022-10-13T17:35:56 IST" name="registration" finished-at="2022-10-13T17:36:36 IST" duration-ms="40152" status="PASS">
          <reporter-output>
          </reporter-output>
        </test-method> <!-- registration -->
      </class> <!-- com.example.testng.Registration -->
    </test> <!-- Default test -->
  </suite> <!-- Default suite -->
</testng-results>
